#
# There is insufficient memory for the Java Runtime Environment to continue.
# Native memory allocation (malloc) failed to allocate 1048576 bytes. Error detail: AllocateHeap
# Possible reasons:
#   The system is out of physical RAM or swap space
#   This process is running with CompressedOops enabled, and the Java Heap may be blocking the growth of the native heap
# Possible solutions:
#   Reduce memory load on the system
#   Increase physical memory or swap space
#   Check if swap backing store is full
#   Decrease Java heap size (-Xmx/-Xms)
#   Decrease number of Java threads
#   Decrease Java thread stack sizes (-Xss)
#   Set larger code cache with -XX:ReservedCodeCacheSize=
#   JVM is running with Zero Based Compressed Oops mode in which the Java heap is
#     placed in the first 32GB address space. The Java Heap base address is the
#     maximum limit for the native heap growth. Please use -XX:HeapBaseMinAddress
#     to set the Java Heap base and to place the Java Heap above 32GB virtual address.
# This output file may be truncated or incomplete.
#
#  Out of Memory Error (allocation.cpp:44), pid=14184, tid=31164
#
# JRE version:  (21.0.3) (build )
# Java VM: OpenJDK 64-Bit Server VM (21.0.3+-12282718-b509.11, mixed mode, sharing, tiered, compressed oops, compressed class ptrs, g1 gc, windows-amd64)
# No core dump will be written. Minidumps are not enabled by default on client versions of Windows
#

---------------  S U M M A R Y ------------

Command Line: -Dapplication.home=D:\Program Files\Android\Android Studio\jbr --add-modules=ALL-DEFAULT -Xms8m -Djdk.module.main=jdk.jlink jdk.jlink/jdk.tools.jlink.internal.Main --version

Host: Intel(R) Core(TM) i7-9750H CPU @ 2.60GHz, 12 cores, 15G,  Windows 11 , 64 bit Build 22621 (10.0.22621.4391)
Time: Tue Jan  7 14:50:18 2025 Jerusalem Standard Time elapsed time: 0.016315 seconds (0d 0h 0m 0s)

---------------  T H R E A D  ---------------

Current thread (0x00000248a4d78640):  JavaThread "Unknown thread" [_thread_in_vm, id=31164, stack(0x000000ed5f100000,0x000000ed5f200000) (1024K)]

Stack: [0x000000ed5f100000,0x000000ed5f200000]
Native frames: (J=compiled Java code, j=interpreted, Vv=VM code, C=native code)
V  [jvm.dll+0x6cafb9]
V  [jvm.dll+0x858523]
V  [jvm.dll+0x85aa7e]
V  [jvm.dll+0x85b163]
V  [jvm.dll+0x27d356]
V  [jvm.dll+0xba0b7]
V  [jvm.dll+0x32c695]
V  [jvm.dll+0x324d81]
V  [jvm.dll+0x81fd89]
V  [jvm.dll+0x3b7c08]
V  [jvm.dll+0x80921d]
V  [jvm.dll+0x44c05e]
V  [jvm.dll+0x44d6b1]
C  [jli.dll+0x52ab]
C  [ucrtbase.dll+0x29333]
C  [KERNEL32.DLL+0x1259d]
C  [ntdll.dll+0x5af38]


---------------  P R O C E S S  ---------------

Threads class SMR info:
_java_thread_list=0x00007ffce94457c8, length=0, elements={
}

Java Threads: ( => current thread )
Total: 0

Other Threads:
  0x00000248a6f71330 WorkerThread "GC Thread#0"                     [id=29256, stack(0x000000ed5f200000,0x000000ed5f300000) (1024K)]

[error occurred during error reporting (printing all threads), id 0xc0000005, EXCEPTION_ACCESS_VIOLATION (0xc0000005) at pc=0x00007ffce8c411d0]
VM state: not at safepoint (not fully initialized)

VM Mutex/Monitor currently owned by a thread:  ([mutex/lock_event])
[0x00007ffce94b21c8] Heap_lock - owner thread: 0x00000248a4d78640

Heap address: 0x0000000702e00000, size: 4050 MB, Compressed Oops mode: Zero based, Oop shift amount: 3

CDS archive(s) mapped at: [0x0000000000000000-0x0000000000000000-0x0000000000000000), size 0, SharedBaseAddress: 0x0000000800000000, ArchiveRelocationMode: 1.
Narrow klass base: 0x0000000000000000, Narrow klass shift: 0, Narrow klass range: 0x0

GC Precious Log:
 CardTable entry size: 512
 Card Set container configuration: InlinePtr #cards 4 size 8 Array Of Cards #cards 16 size 48 Howl #buckets 8 coarsen threshold 3686 Howl Bitmap #cards 512 size 80 coarsen threshold 460 Card regions per heap region 1 cards per card region 4096

Heap:
 garbage-first heap   total 0K, used 0K [0x0000000702e00000, 0x0000000800000000)
  region size 2048K, 0 young (0K), 0 survivors (0K)
 Metaspace       used 0K, committed 0K, reserved 0K
  class space    used 0K, committed 0K, reserved 0K

Heap Regions: E=young(eden), S=young(survivor), O=old, HS=humongous(starts), HC=humongous(continues), CS=collection set, F=free, TAMS=top-at-mark-start, PB=parsable bottom

Card table byte_map: [0x00000248b9d90000,0x00000248ba580000] _byte_map_base: 0x00000248b6579000

GC Heap History (0 events):
No events

Dll operation events (1 events):
Event: 0.011 Loaded shared library D:\Program Files\Android\Android Studio\jbr\bin\java.dll

Deoptimization events (0 events):
No events

Classes loaded (0 events):
No events

Classes unloaded (0 events):
No events

Classes redefined (0 events):
No events

Internal exceptions (0 events):
No events

ZGC Phase Switch (0 events):
No events

VM Operations (0 events):
No events

Events (0 events):
No events


Dynamic libraries:
0x00007ff777060000 - 0x00007ff777068000 	D:\Program Files\Android\Android Studio\jbr\bin\jlink.exe
0x00007ffde5970000 - 0x00007ffde5b87000 	C:\WINDOWS\SYSTEM32\ntdll.dll
0x00007ffd8ee00000 - 0x00007ffd8ee1a000 	D:\Program Files\Avast\aswhook.dll
0x00007ffde4bd0000 - 0x00007ffde4c94000 	C:\WINDOWS\System32\KERNEL32.DLL
0x00007ffde2e90000 - 0x00007ffde324a000 	C:\WINDOWS\System32\KERNELBASE.dll
0x00007ffde3310000 - 0x00007ffde3421000 	C:\WINDOWS\System32\ucrtbase.dll
0x00007ffdb3740000 - 0x00007ffdb3758000 	D:\Program Files\Android\Android Studio\jbr\bin\jli.dll
0x00007ffdcd430000 - 0x00007ffdcd44b000 	D:\Program Files\Android\Android Studio\jbr\bin\VCRUNTIME140.dll
0x00007ffde3670000 - 0x00007ffde381e000 	C:\WINDOWS\System32\USER32.dll
0x00007ffde2d60000 - 0x00007ffde2d86000 	C:\WINDOWS\System32\win32u.dll
0x00007ffde4ff0000 - 0x00007ffde5019000 	C:\WINDOWS\System32\GDI32.dll
0x00007ffdcd5a0000 - 0x00007ffdcd832000 	C:\WINDOWS\WinSxS\amd64_microsoft.windows.common-controls_6595b64144ccf1df_6.0.22621.4541_none_2710d1c57384c085\COMCTL32.dll
0x00007ffde2c40000 - 0x00007ffde2d5b000 	C:\WINDOWS\System32\gdi32full.dll
0x00007ffde42a0000 - 0x00007ffde4347000 	C:\WINDOWS\System32\msvcrt.dll
0x00007ffde3460000 - 0x00007ffde34fa000 	C:\WINDOWS\System32\msvcp_win.dll
0x00007ffde5530000 - 0x00007ffde5561000 	C:\WINDOWS\System32\IMM32.DLL
0x00007ffdd3ff0000 - 0x00007ffdd3ffc000 	D:\Program Files\Android\Android Studio\jbr\bin\vcruntime140_1.dll
0x00007ffd9c690000 - 0x00007ffd9c71d000 	D:\Program Files\Android\Android Studio\jbr\bin\msvcp140.dll
0x00007ffce8910000 - 0x00007ffce958d000 	D:\Program Files\Android\Android Studio\jbr\bin\server\jvm.dll
0x00007ffde41e0000 - 0x00007ffde4292000 	C:\WINDOWS\System32\ADVAPI32.dll
0x00007ffde3ed0000 - 0x00007ffde3f77000 	C:\WINDOWS\System32\sechost.dll
0x00007ffde3430000 - 0x00007ffde3458000 	C:\WINDOWS\System32\bcrypt.dll
0x00007ffde4d20000 - 0x00007ffde4e34000 	C:\WINDOWS\System32\RPCRT4.dll
0x00007ffde4ca0000 - 0x00007ffde4d11000 	C:\WINDOWS\System32\WS2_32.dll
0x00007ffde1ad0000 - 0x00007ffde1b1d000 	C:\WINDOWS\SYSTEM32\POWRPROF.dll
0x00007ffdd3e90000 - 0x00007ffdd3e9a000 	C:\WINDOWS\SYSTEM32\VERSION.dll
0x00007ffde05f0000 - 0x00007ffde0624000 	C:\WINDOWS\SYSTEM32\WINMM.dll
0x00007ffde1ab0000 - 0x00007ffde1ac3000 	C:\WINDOWS\SYSTEM32\UMPDC.dll
0x00007ffde1d70000 - 0x00007ffde1d88000 	C:\WINDOWS\SYSTEM32\kernel.appcore.dll
0x00007ffdd2d90000 - 0x00007ffdd2d9a000 	D:\Program Files\Android\Android Studio\jbr\bin\jimage.dll
0x00007ffde03b0000 - 0x00007ffde05e2000 	C:\WINDOWS\SYSTEM32\DBGHELP.DLL
0x00007ffde5570000 - 0x00007ffde58ff000 	C:\WINDOWS\System32\combase.dll
0x00007ffde3820000 - 0x00007ffde38f7000 	C:\WINDOWS\System32\OLEAUT32.dll
0x00007ffde0370000 - 0x00007ffde03a2000 	C:\WINDOWS\SYSTEM32\dbgcore.DLL
0x00007ffde2d90000 - 0x00007ffde2e0b000 	C:\WINDOWS\System32\bcryptPrimitives.dll
0x00007ffdbbce0000 - 0x00007ffdbbcff000 	D:\Program Files\Android\Android Studio\jbr\bin\java.dll

dbghelp: loaded successfully - version: 4.0.5 - missing functions: none
symbol engine: initialized successfully - sym options: 0x614 - pdb path: .;D:\Program Files\Android\Android Studio\jbr\bin;C:\WINDOWS\SYSTEM32;D:\Program Files\Avast;C:\WINDOWS\WinSxS\amd64_microsoft.windows.common-controls_6595b64144ccf1df_6.0.22621.4541_none_2710d1c57384c085;D:\Program Files\Android\Android Studio\jbr\bin\server

VM Arguments:
jvm_args: -Dapplication.home=D:\Program Files\Android\Android Studio\jbr --add-modules=ALL-DEFAULT -Xms8m -Djdk.module.main=jdk.jlink 
java_command: jdk.jlink/jdk.tools.jlink.internal.Main --version
java_class_path (initial): <not set>
Launcher Type: SUN_STANDARD

[Global flags]
     intx CICompilerCount                          = 4                                         {product} {ergonomic}
     uint ConcGCThreads                            = 3                                         {product} {ergonomic}
     uint G1ConcRefinementThreads                  = 10                                        {product} {ergonomic}
   size_t G1HeapRegionSize                         = 2097152                                   {product} {ergonomic}
    uintx GCDrainStackTargetSize                   = 64                                        {product} {ergonomic}
   size_t InitialHeapSize                          = 8388608                                   {product} {command line}
   size_t MarkStackSize                            = 4194304                                   {product} {ergonomic}
   size_t MaxHeapSize                              = 4246732800                                {product} {ergonomic}
   size_t MinHeapDeltaBytes                        = 2097152                                   {product} {ergonomic}
   size_t MinHeapSize                              = 8388608                                   {product} {command line}
    uintx NonNMethodCodeHeapSize                   = 5839372                                {pd product} {ergonomic}
    uintx NonProfiledCodeHeapSize                  = 122909434                              {pd product} {ergonomic}
    uintx ProfiledCodeHeapSize                     = 122909434                              {pd product} {ergonomic}
    uintx ReservedCodeCacheSize                    = 251658240                              {pd product} {ergonomic}
     bool SegmentedCodeCache                       = true                                      {product} {ergonomic}
   size_t SoftMaxHeapSize                          = 4246732800                             {manageable} {ergonomic}
     bool UseCompressedOops                        = true                           {product lp64_product} {ergonomic}
     bool UseG1GC                                  = true                                      {product} {ergonomic}
     bool UseLargePagesIndividualAllocation        = false                                  {pd product} {ergonomic}

Logging:
Log output configuration:
 #0: stdout all=warning uptime,level,tags foldmultilines=false
 #1: stderr all=off uptime,level,tags foldmultilines=false

Environment Variables:
PATH=C:\Windows\system32;C:\Windows;C:\Windows\System32\Wbem;C:\Windows\System32\WindowsPowerShell\v1.0\;C:\Windows\System32\OpenSSH\;C:\Program Files (x86)\NVIDIA Corporation\PhysX\Common;C:\Program Files\NVIDIA Corporation\NVIDIA NvDLISR;C:\WINDOWS\system32;C:\WINDOWS;C:\WINDOWS\System32\Wbem;C:\WINDOWS\System32\WindowsPowerShell\v1.0\;C:\WINDOWS\System32\OpenSSH\;C:\Program Files\Git\cmd;C:\Program Files\Git LFS;C:\Users\orenc\AppData\Local\Microsoft\WindowsApps;C:\Users\orenc\AppData\Local\GitHubDesktop\bin;C:\Users\orenc\AppData\Local\Programs\Microsoft VS Code\bin
USERNAME=orenc
OS=Windows_NT
PROCESSOR_IDENTIFIER=Intel64 Family 6 Model 158 Stepping 10, GenuineIntel
TMP=C:\Users\orenc\AppData\Local\Temp
TEMP=C:\Users\orenc\AppData\Local\Temp




Periodic native trim disabled

JNI global refs:
JNI global refs: 0, weak refs: 0

JNI global refs memory usage: 0, weak refs: 0

Process memory usage:
Resident Set Size: 12332K (0% of 16585488K total physical memory with 696068K free physical memory)

OOME stack traces (most recent first):
Classloader memory used:

---------------  S Y S T E M  ---------------

OS:
 Windows 11 , 64 bit Build 22621 (10.0.22621.4391)
OS uptime: 4 days 0:21 hours

CPU: total 12 (initial active 12) (6 cores per cpu, 2 threads per core) family 6 model 158 stepping 10 microcode 0xde, cx8, cmov, fxsr, ht, mmx, 3dnowpref, sse, sse2, sse3, ssse3, sse4.1, sse4.2, popcnt, lzcnt, tsc, tscinvbit, avx, avx2, aes, erms, clmul, bmi1, bmi2, adx, fma, vzeroupper, clflush, clflushopt, rdtscp, f16c
Processor Information for all 12 processors :
  Max Mhz: 2592, Current Mhz: 2592, Mhz Limit: 2592

Memory: 4k page, system-wide physical 16196M (679M free)
TotalPageFile size 44372M (AvailPageFile size 8M)
current process WorkingSet (physical memory assigned to process): 12M, peak: 12M
current process commit charge ("private bytes"): 62M, peak: 63M

vm_info: OpenJDK 64-Bit Server VM (21.0.3+-12282718-b509.11) for windows-amd64 JRE (21.0.3+-12282718-b509.11), built on 2024-08-27T17:34:15Z by "builder" with MS VC++ 16.10 / 16.11 (VS2019)

END.
